[2026-07-01T00:53:55+00:00] #496 feasibility-first joint corrector for #411 cross-system cycle
[2026-07-01T00:53:55+00:00] === solver=feasibility_ls seed=(c_em=3.15, c_se=3.00086) ===
[2026-07-01T00:55:56+00:00]   nfev=001  c_em=3.150000  c_se=3.000860000  R=(+0.0859,-0.7246)  |R|=7.2972e-01
[2026-07-01T00:56:37+00:00]   nfev=002  c_em=3.151000  c_se=3.000860000  R=(+0.0659,-0.7051)  |R|=7.0820e-01
[2026-07-01T00:57:16+00:00]   nfev=004  c_em=3.151728  c_se=3.000854327  R=(+1.4928,-0.8750)  |R|=1.7303e+00
[2026-07-01T00:57:50+00:00]   nfev=005  c_em=3.150432  c_se=3.000854285  R=(+0.1122,-0.5177)  |R|=5.2968e-01
[2026-07-01T00:58:22+00:00]   nfev=006  c_em=3.151432  c_se=3.000854285  R=(-1.6293,-1.5190)  |R|=2.2276e+00
[2026-07-01T00:59:42+00:00]   nfev=007  c_em=3.150432  c_se=3.000754285  R=(+3.1416,+3.1416)  |R|=4.4429e+00
[2026-07-01T01:00:08+00:00]   nfev=008  c_em=3.150725  c_se=3.000837425  R=(+0.6226,-1.2656)  |R|=1.4105e+00
[2026-07-01T01:00:30+00:00]   nfev=009  c_em=3.150489  c_se=3.000846365  R=(-1.5847,-1.2878)  |R|=2.0420e+00
[2026-07-01T01:00:51+00:00]   nfev=010  c_em=3.150431  c_se=3.000851427  R=(-1.6113,-1.6232)  |R|=2.2872e+00
[2026-07-01T01:01:22+00:00]   nfev=011  c_em=3.150431  c_se=3.000853575  R=(-3.1105,-0.5001)  |R|=3.1504e+00
[2026-07-01T01:01:54+00:00]   nfev=012  c_em=3.150432  c_se=3.000854108  R=(+0.1134,-0.5131)  |R|=5.2547e-01
[2026-07-01T01:02:26+00:00]   nfev=013  c_em=3.151432  c_se=3.000854108  R=(-1.6282,-1.5129)  |R|=2.2226e+00
[2026-07-01T01:02:58+00:00]   nfev=015  c_em=3.150431  c_se=3.000853754  R=(-3.1113,-0.5044)  |R|=3.1519e+00
[2026-07-01T01:03:31+00:00]   nfev=016  c_em=3.150432  c_se=3.000854019  R=(+0.1139,-0.5108)  |R|=5.2340e-01
[2026-07-01T01:04:03+00:00]   nfev=017  c_em=3.151432  c_se=3.000854019  R=(-1.6277,-1.5099)  |R|=2.2202e+00
[2026-07-01T01:04:36+00:00]   nfev=019  c_em=3.150431  c_se=3.000853842  R=(+0.1150,-0.5064)  |R|=5.1931e-01
[2026-07-01T01:05:52+00:00]   nfev=020  c_em=3.151432  c_se=3.000853842  R=(-1.6266,-1.5039)  |R|=2.2153e+00
[2026-07-01T01:07:53+00:00]   nfev=022  c_em=3.150431  c_se=3.000853488  R=(-3.1101,-0.4980)  |R|=3.1497e+00
[2026-07-01T01:08:39+00:00]   nfev=023  c_em=3.150431  c_se=3.000853754  R=(-3.1113,-0.5044)  |R|=3.1519e+00
[2026-07-01T01:09:17+00:00]   nfev=024  c_em=3.150431  c_se=3.000853820  R=(-3.1115,-0.5061)  |R|=3.1524e+00
[2026-07-01T01:09:53+00:00]   nfev=025  c_em=3.150431  c_se=3.000853837  R=(-3.1116,-0.5065)  |R|=3.1526e+00
[2026-07-01T01:10:27+00:00]   nfev=026  c_em=3.150431  c_se=3.000853841  R=(+0.1150,-0.5064)  |R|=5.1927e-01
[2026-07-01T01:10:59+00:00]   nfev=027  c_em=3.151432  c_se=3.000853841  R=(-1.6266,-1.5038)  |R|=2.2152e+00
[2026-07-01T01:11:44+00:00]   nfev=028  c_em=3.150431  c_se=3.000753841  R=(+3.1416,+3.1416)  |R|=4.4429e+00
[2026-07-01T01:12:15+00:00]   nfev=029  c_em=3.150431  c_se=3.000853838  R=(-3.1116,-0.5065)  |R|=3.1526e+00
[2026-07-01T01:12:47+00:00]   nfev=030  c_em=3.150431  c_se=3.000853840  R=(+0.1150,-0.5064)  |R|=5.1926e-01
[2026-07-01T01:14:10+00:00]   nfev=031  c_em=3.151432  c_se=3.000853840  R=(-1.6266,-1.5038)  |R|=2.2152e+00
[2026-07-01T01:15:25+00:00]   nfev=033  c_em=3.150431  c_se=3.000853839  R=(+0.1084,-0.5062)  |R|=5.1770e-01
[2026-07-01T01:17:56+00:00]   nfev=034  c_em=3.151432  c_se=3.000853839  R=(+1.3844,-1.5028)  |R|=2.0432e+00
[2026-07-01T01:31:41+00:00]   nfev=035  c_em=3.150431  c_se=3.000753839  R=(+3.1416,+3.1416)  |R|=4.4429e+00
