[2026-07-01T01:47:49+00:00] #512 (n_em, n_se) resonance sweep for #411 cross-system cycle
[2026-07-01T01:47:49+00:00] --- Step 1: analytic seed baseline + wrap-prediction table ---
[2026-07-01T01:48:19+00:00] seed R1(n_se=1)=+0.08579 rad  R2(n_em=1)=-0.70760 rad
[2026-07-01T01:48:19+00:00] omega_rel=2.466216e-06 rad/s  T_em=1283364.4 s (14.854 d)  T_se=15432561.0 s (178.618 d)
[2026-07-01T01:48:19+00:00] per-step shift: R1 step = -0.36092 rad/n_se  R2 step = +3.11813 rad/n_em
[2026-07-01T01:48:19+00:00] --- analytic wrap-prediction table, practical grid n_em=1..8 x n_se=1..4 (32 pairs), sorted by predicted |R| ---
[2026-07-01T01:48:19+00:00]   n_em=1  n_se=1  R1=+0.0858  R2=-0.7076  |R|=0.7128 rad
[2026-07-01T01:48:19+00:00]   n_em=1  n_se=2  R1=-0.2751  R2=-0.7076  |R|=0.7592 rad
[2026-07-01T01:48:19+00:00]   n_em=3  n_se=1  R1=+0.0858  R2=-0.7545  |R|=0.7594 rad
[2026-07-01T01:48:19+00:00]   n_em=3  n_se=2  R1=-0.2751  R2=-0.7545  |R|=0.8031 rad
[2026-07-01T01:48:19+00:00]   n_em=5  n_se=1  R1=+0.0858  R2=-0.8014  |R|=0.8060 rad
[2026-07-01T01:48:19+00:00]   n_em=5  n_se=2  R1=-0.2751  R2=-0.8014  |R|=0.8474 rad
[2026-07-01T01:48:19+00:00]   n_em=7  n_se=1  R1=+0.0858  R2=-0.8484  |R|=0.8527 rad
[2026-07-01T01:48:19+00:00]   n_em=7  n_se=2  R1=-0.2751  R2=-0.8484  |R|=0.8919 rad
[2026-07-01T01:48:19+00:00]   n_em=1  n_se=3  R1=-0.6361  R2=-0.7076  |R|=0.9515 rad
[2026-07-01T01:48:19+00:00]   n_em=3  n_se=3  R1=-0.6361  R2=-0.7545  |R|=0.9869 rad
[2026-07-01T01:48:19+00:00]   n_em=5  n_se=3  R1=-0.6361  R2=-0.8014  |R|=1.0232 rad
[2026-07-01T01:48:19+00:00]   n_em=7  n_se=3  R1=-0.6361  R2=-0.8484  |R|=1.0603 rad
[2026-07-01T01:48:19+00:00]   n_em=1  n_se=4  R1=-0.9970  R2=-0.7076  |R|=1.2226 rad
[2026-07-01T01:48:19+00:00]   n_em=3  n_se=4  R1=-0.9970  R2=-0.7545  |R|=1.2503 rad
[2026-07-01T01:48:19+00:00]   n_em=5  n_se=4  R1=-0.9970  R2=-0.8014  |R|=1.2792 rad
[2026-07-01T01:48:19+00:00]   n_em=7  n_se=4  R1=-0.9970  R2=-0.8484  |R|=1.3091 rad
[2026-07-01T01:48:19+00:00]   n_em=8  n_se=1  R1=+0.0858  R2=+2.2698  |R|=2.2714 rad
[2026-07-01T01:48:19+00:00]   n_em=8  n_se=2  R1=-0.2751  R2=+2.2698  |R|=2.2864 rad
[2026-07-01T01:48:19+00:00]   n_em=6  n_se=1  R1=+0.0858  R2=+2.3167  |R|=2.3183 rad
[2026-07-01T01:48:19+00:00]   n_em=6  n_se=2  R1=-0.2751  R2=+2.3167  |R|=2.3330 rad
[2026-07-01T01:48:19+00:00]   n_em=8  n_se=3  R1=-0.6361  R2=+2.2698  |R|=2.3572 rad
[2026-07-01T01:48:19+00:00]   n_em=4  n_se=1  R1=+0.0858  R2=+2.3636  |R|=2.3652 rad
[2026-07-01T01:48:19+00:00]   n_em=4  n_se=2  R1=-0.2751  R2=+2.3636  |R|=2.3796 rad
[2026-07-01T01:48:19+00:00]   n_em=6  n_se=3  R1=-0.6361  R2=+2.3167  |R|=2.4024 rad
[2026-07-01T01:48:19+00:00]   n_em=2  n_se=1  R1=+0.0858  R2=+2.4105  |R|=2.4121 rad
[2026-07-01T01:48:19+00:00]   n_em=2  n_se=2  R1=-0.2751  R2=+2.4105  |R|=2.4262 rad
[2026-07-01T01:48:19+00:00]   n_em=4  n_se=3  R1=-0.6361  R2=+2.3636  |R|=2.4477 rad
[2026-07-01T01:48:19+00:00]   n_em=8  n_se=4  R1=-0.9970  R2=+2.2698  |R|=2.4791 rad
[2026-07-01T01:48:19+00:00]   n_em=2  n_se=3  R1=-0.6361  R2=+2.4105  |R|=2.4930 rad
[2026-07-01T01:48:19+00:00]   n_em=6  n_se=4  R1=-0.9970  R2=+2.3167  |R|=2.5221 rad
[2026-07-01T01:48:19+00:00]   n_em=4  n_se=4  R1=-0.9970  R2=+2.3636  |R|=2.5653 rad
[2026-07-01T01:48:19+00:00]   n_em=2  n_se=4  R1=-0.9970  R2=+2.4105  |R|=2.6086 rad
[2026-07-01T01:48:19+00:00] --- wide scan (n_se up to 60): best 5 |R1| minima ---
[2026-07-01T01:48:19+00:00]   n_se=36  |R1|=0.01980 rad  (cycle SE-dwell = 6430.2 d)
[2026-07-01T01:48:19+00:00]   n_se=1  |R1|=0.08579 rad  (cycle SE-dwell = 178.6 d)
[2026-07-01T01:48:19+00:00]   n_se=19  |R1|=0.12767 rad  (cycle SE-dwell = 3393.7 d)
[2026-07-01T01:48:19+00:00]   n_se=53  |R1|=0.16726 rad  (cycle SE-dwell = 9466.7 d)
[2026-07-01T01:48:19+00:00]   n_se=54  |R1|=0.19366 rad  (cycle SE-dwell = 9645.4 d)
[2026-07-01T01:48:19+00:00] --- wide scan (n_em up to 120): best 5 |R2| minima ---
[2026-07-01T01:48:19+00:00]   n_em=104  |R2|=0.01742 rad  (cycle EM-dwell = 1544.8 d)
[2026-07-01T01:48:19+00:00]   n_em=106  |R2|=0.02951 rad  (cycle EM-dwell = 1574.5 d)
[2026-07-01T01:48:19+00:00]   n_em=102  |R2|=0.06434 rad  (cycle EM-dwell = 1515.1 d)
[2026-07-01T01:48:19+00:00]   n_em=108  |R2|=0.07643 rad  (cycle EM-dwell = 1604.2 d)
[2026-07-01T01:48:19+00:00]   n_em=100  |R2|=0.11127 rad  (cycle EM-dwell = 1485.4 d)
[2026-07-01T01:48:19+00:00] (--solve not given: analytic table only. Exiting.)
